19:01:24.312 INFO  歡迎使用 TSIDS V1.6 
19:01:24.313 INFO  開始自檢中 
19:01:24.313 INFO  測試服務器數據庫連線 
19:01:24.315 INFO  測試天文台 RSS 連線 
19:01:24.371 INFO  數據庫連接成功 (2020/06/10 19:01:24) 
19:01:24.614 INFO  降雨概率已更新 (2020/06/10 19:01:24) 
19:01:24.753 INFO  氣象警告已更新：現時並無警告生效 (2020/06/10 19:01:24) 
19:01:24.755 INFO  溫度已更新：30 (2020/06/10 19:01:24) 
19:01:24.756 INFO  特別天氣提示：無特別天氣提示 
19:01:27.323 INFO  自檢完成，服務啓動完成 
19:02:00.777 INFO  歡迎使用 TSIDS V1.6 
19:02:00.777 INFO  開始自檢中 
19:02:00.777 INFO  測試服務器數據庫連線 
19:02:00.779 INFO  測試天文台 RSS 連線 
19:02:00.848 INFO  數據庫連接成功 
19:02:01.045 INFO  降雨概率已更新 
19:02:01.110 INFO  溫度已更新：30 
19:02:01.179 INFO  特別天氣提示：無特別天氣提示 
19:02:01.233 INFO  氣象警告已更新：現時並無警告生效 
19:02:03.787 INFO  自檢完成，服務啓動完成 
19:02:08.841 INFO  信息滾動條已更新：TSIDS V1.6          降雨概率：半小時：0%   一小時：0%   一個半小時：0%   兩小時：0%          無特別天氣提示          注意個人衛生 預防嚴重新型傳染性病原體呼吸系統病           
